/lustre/f1/pdata/gfdl_O/datasets
AM2_LM3_MOM6i_1deg/tikal/1990_ICs/GOLD.res.nc
AM2_LM3_MOM6i_1deg/tikal/1990_ICs/atmos_coupled.res.nc
AM2_LM3_MOM6i_1deg/tikal/1990_ICs/atmos_tracers.res.nc
AM2_LM3_MOM6i_1deg/tikal/1990_ICs/cana.res.nc
AM2_LM3_MOM6i_1deg/tikal/1990_ICs/coupler.res
AM2_LM3_MOM6i_1deg/tikal/1990_ICs/fv_rst.res.nc
AM2_LM3_MOM6i_1deg/tikal/1990_ICs/fv_srf_wnd.res.nc
AM2_LM3_MOM6i_1deg/tikal/1990_ICs/glac.res.nc
AM2_LM3_MOM6i_1deg/tikal/1990_ICs/ice_model.res.nc
AM2_LM3_MOM6i_1deg/tikal/1990_ICs/lake.res.nc
AM2_LM3_MOM6i_1deg/tikal/1990_ICs/land.res.nc
AM2_LM3_MOM6i_1deg/tikal/1990_ICs/landuse.res
AM2_LM3_MOM6i_1deg/tikal/1990_ICs/mg_drag.res.nc
AM2_LM3_MOM6i_1deg/tikal/1990_ICs/physics_driver.res.nc
AM2_LM3_MOM6i_1deg/tikal/1990_ICs/radiation_driver.res.nc
AM2_LM3_MOM6i_1deg/tikal/1990_ICs/radiative_gases.res.nc
AM2_LM3_MOM6i_1deg/tikal/1990_ICs/river.res.nc
AM2_LM3_MOM6i_1deg/tikal/1990_ICs/snow.res.nc
AM2_LM3_MOM6i_1deg/tikal/1990_ICs/soil.res.nc
AM2_LM3_MOM6i_1deg/tikal/1990_ICs/strat_cloud.res.nc
AM2_LM3_MOM6i_1deg/tikal/1990_ICs/vegn1.res.nc
AM2_LM3_MOM6i_1deg/tikal/1990_ICs/vegn2.res.nc
AM2_LM3_MOM6i_1deg/tikal/INPUT/BetaDistributionTable.txt
AM2_LM3_MOM6i_1deg/tikal/INPUT/GOLD_IC.2010.11.15.nc
AM2_LM3_MOM6i_1deg/tikal/INPUT/GOLD_IC_L63.12.19.2008.nc
AM2_LM3_MOM6i_1deg/tikal/INPUT/OM3_zgrid.nc
AM2_LM3_MOM6i_1deg/tikal/INPUT/WOA05_pottemp_salt.nc
AM2_LM3_MOM6i_1deg/tikal/INPUT/aerosol.climatology.nc
AM2_LM3_MOM6i_1deg/tikal/INPUT/aerosol.optical.dat
AM2_LM3_MOM6i_1deg/tikal/INPUT/albedo.data.nc
AM2_LM3_MOM6i_1deg/tikal/INPUT/amip1_sst.data.nc
AM2_LM3_MOM6i_1deg/tikal/INPUT/annual_mean_ozone
AM2_LM3_MOM6i_1deg/tikal/INPUT/asmsw_data.nc
AM2_LM3_MOM6i_1deg/tikal/INPUT/basin.nc
AM2_LM3_MOM6i_1deg/tikal/INPUT/cfc.bc.nc
AM2_LM3_MOM6i_1deg/tikal/INPUT/ch4_gblannualdata
AM2_LM3_MOM6i_1deg/tikal/INPUT/clim_CHL_esm2g_yrs_201-360.nc
AM2_LM3_MOM6i_1deg/tikal/INPUT/co2_gblannualdata
AM2_LM3_MOM6i_1deg/tikal/INPUT/conc_all.nc
AM2_LM3_MOM6i_1deg/tikal/INPUT/cover_type.nc
AM2_LM3_MOM6i_1deg/tikal/INPUT/cover_type_field
AM2_LM3_MOM6i_1deg/tikal/INPUT/cover_type_field.nc
AM2_LM3_MOM6i_1deg/tikal/INPUT/eftsw4str
AM2_LM3_MOM6i_1deg/tikal/INPUT/emissions.ch3i.GEOS4x5.nc
AM2_LM3_MOM6i_1deg/tikal/INPUT/esf_sw_input_data_n38b18
AM2_LM3_MOM6i_1deg/tikal/INPUT/esf_sw_input_data_n72b25
AM2_LM3_MOM6i_1deg/tikal/INPUT/extlw_data.nc
AM2_LM3_MOM6i_1deg/tikal/INPUT/extsw_data.nc
AM2_LM3_MOM6i_1deg/tikal/INPUT/f113_gblannualdata
AM2_LM3_MOM6i_1deg/tikal/INPUT/f11_gblannualdata
AM2_LM3_MOM6i_1deg/tikal/INPUT/f12_gblannualdata
AM2_LM3_MOM6i_1deg/tikal/INPUT/f22_gblannualdata
AM2_LM3_MOM6i_1deg/tikal/INPUT/geohydrology.nc
AM2_LM3_MOM6i_1deg/tikal/INPUT/geohydrology_table.nc
AM2_LM3_MOM6i_1deg/tikal/INPUT/geothermal_heating_cm2g.nc
AM2_LM3_MOM6i_1deg/tikal/INPUT/ground_type.nc
AM2_LM3_MOM6i_1deg/tikal/INPUT/ground_type_field
AM2_LM3_MOM6i_1deg/tikal/INPUT/groundwater_residence_time_field
AM2_LM3_MOM6i_1deg/tikal/INPUT/gustiness_qscat.nc
AM2_LM3_MOM6i_1deg/tikal/INPUT/h2o12001400_hi00_data
AM2_LM3_MOM6i_1deg/tikal/INPUT/h2o12001400_hi92_data
AM2_LM3_MOM6i_1deg/tikal/INPUT/h2ockd2.1_corrdata
AM2_LM3_MOM6i_1deg/tikal/INPUT/h2ockd2.1_data
AM2_LM3_MOM6i_1deg/tikal/INPUT/h2ockd2.4_corrdata
AM2_LM3_MOM6i_1deg/tikal/INPUT/h2ocoeff_ckd_0_3000_10cm_hi00
AM2_LM3_MOM6i_1deg/tikal/INPUT/h2ocoeff_ckd_speccombwidebds_hi00
AM2_LM3_MOM6i_1deg/tikal/INPUT/h2ocoeff_ckd_speccombwidebds_hi92
AM2_LM3_MOM6i_1deg/tikal/INPUT/h2ocoeff_rsb_0_3000_10cm_hi00
AM2_LM3_MOM6i_1deg/tikal/INPUT/h2ocoeff_rsb_speccombwidebds_hi00
AM2_LM3_MOM6i_1deg/tikal/INPUT/h2ocoeff_rsb_speccombwidebds_hi92
AM2_LM3_MOM6i_1deg/tikal/INPUT/id1ch4n2
AM2_LM3_MOM6i_1deg/tikal/INPUT/id1o3
AM2_LM3_MOM6i_1deg/tikal/INPUT/id2h2obdckd2p1
AM2_LM3_MOM6i_1deg/tikal/INPUT/id2h2obdfull
AM2_LM3_MOM6i_1deg/tikal/INPUT/id2h2orbts
AM2_LM3_MOM6i_1deg/tikal/INPUT/lean_solar_spectral_data.dat
AM2_LM3_MOM6i_1deg/tikal/INPUT/n2o_gblannualdata
AM2_LM3_MOM6i_1deg/tikal/INPUT/navy_topography.data.nc
AM2_LM3_MOM6i_1deg/tikal/INPUT/o3.climatology.nc
AM2_LM3_MOM6i_1deg/tikal/INPUT/o39001200_hi00_data
AM2_LM3_MOM6i_1deg/tikal/INPUT/o39001200_hi92_data
AM2_LM3_MOM6i_1deg/tikal/INPUT/ocean_grid.7.29.2008_fixed.nc
AM2_LM3_MOM6i_1deg/tikal/INPUT/omgsw_data.nc
AM2_LM3_MOM6i_1deg/tikal/INPUT/radfn_5-2995_100-490k
AM2_LM3_MOM6i_1deg/tikal/INPUT/randelo3data
AM2_LM3_MOM6i_1deg/tikal/INPUT/reynolds_sst.data.nc
AM2_LM3_MOM6i_1deg/tikal/INPUT/reyoi_sst.data.nc
AM2_LM3_MOM6i_1deg/tikal/INPUT/river_data.nc
AM2_LM3_MOM6i_1deg/tikal/INPUT/river_destination_field
AM2_LM3_MOM6i_1deg/tikal/INPUT/salt_restore.nc
AM2_LM3_MOM6i_1deg/tikal/INPUT/seasonal_ozone
AM2_LM3_MOM6i_1deg/tikal/INPUT/seawifs_1998-2006_GOLD_smoothed_2X.nc
AM2_LM3_MOM6i_1deg/tikal/INPUT/sgs_h2.nc
AM2_LM3_MOM6i_1deg/tikal/INPUT/soil_brdf.nc
AM2_LM3_MOM6i_1deg/tikal/INPUT/sst_ice_clim.nc
AM2_LM3_MOM6i_1deg/tikal/INPUT/stdlvls
AM2_LM3_MOM6i_1deg/tikal/INPUT/swstratendramadata
AM2_LM3_MOM6i_1deg/tikal/INPUT/temp_restore.nc
AM2_LM3_MOM6i_1deg/tikal/INPUT/tideamp.nc
AM2_LM3_MOM6i_1deg/tikal/INPUT/zonal_ozone_data.nc
AM2_LM3_MOM6i_1deg/tikal/mosaic.unpacked/atmos_hgrid.nc
AM2_LM3_MOM6i_1deg/tikal/mosaic.unpacked/atmos_mosaic.nc
AM2_LM3_MOM6i_1deg/tikal/mosaic.unpacked/atmos_mosaic_tile1Xland_mosaic_tile1.nc
AM2_LM3_MOM6i_1deg/tikal/mosaic.unpacked/atmos_mosaic_tile1Xocean_mosaic_tile1.nc
AM2_LM3_MOM6i_1deg/tikal/mosaic.unpacked/grid_spec.nc
AM2_LM3_MOM6i_1deg/tikal/mosaic.unpacked/land_hgrid.nc
AM2_LM3_MOM6i_1deg/tikal/mosaic.unpacked/land_mask.nc
AM2_LM3_MOM6i_1deg/tikal/mosaic.unpacked/land_mosaic.nc
AM2_LM3_MOM6i_1deg/tikal/mosaic.unpacked/land_mosaic_tile1Xocean_mosaic_tile1.nc
AM2_LM3_MOM6i_1deg/tikal/mosaic.unpacked/mosaic.nc
AM2_LM3_MOM6i_1deg/tikal/mosaic.unpacked/ocean_hgrid.nc
AM2_LM3_MOM6i_1deg/tikal/mosaic.unpacked/ocean_mask.nc
AM2_LM3_MOM6i_1deg/tikal/mosaic.unpacked/ocean_mosaic.nc
AM2_LM3_MOM6i_1deg/tikal/mosaic.unpacked/ocean_vgrid.nc
AM2_LM3_MOM6i_1deg/tikal/mosaic.unpacked/topog.nc
AM2_LM3_MOM6i_1deg/ulm/1990_ICs/GOLD.res.nc
AM2_LM3_MOM6i_1deg/ulm/1990_ICs/atmos_coupled.res.nc
AM2_LM3_MOM6i_1deg/ulm/1990_ICs/atmos_tracers.res.nc
AM2_LM3_MOM6i_1deg/ulm/1990_ICs/cana.res.nc
AM2_LM3_MOM6i_1deg/ulm/1990_ICs/fv_rst.res.nc
AM2_LM3_MOM6i_1deg/ulm/1990_ICs/fv_srf_wnd.res.nc
AM2_LM3_MOM6i_1deg/ulm/1990_ICs/glac.res.nc
AM2_LM3_MOM6i_1deg/ulm/1990_ICs/ice_model.res.nc
AM2_LM3_MOM6i_1deg/ulm/1990_ICs/lake.res.nc
AM2_LM3_MOM6i_1deg/ulm/1990_ICs/land.res.nc
AM2_LM3_MOM6i_1deg/ulm/1990_ICs/mg_drag.res.nc
AM2_LM3_MOM6i_1deg/ulm/1990_ICs/physics_driver.res.nc
AM2_LM3_MOM6i_1deg/ulm/1990_ICs/radiation_driver.res.nc
AM2_LM3_MOM6i_1deg/ulm/1990_ICs/radiative_gases.res.nc
AM2_LM3_MOM6i_1deg/ulm/1990_ICs/river.res.nc
AM2_LM3_MOM6i_1deg/ulm/1990_ICs/snow.res.nc
AM2_LM3_MOM6i_1deg/ulm/1990_ICs/soil.res.nc
AM2_LM3_MOM6i_1deg/ulm/1990_ICs/strat_cloud.res.nc
AM2_LM3_MOM6i_1deg/ulm/1990_ICs/vegn1.res.nc
AM2_LM3_MOM6i_1deg/ulm/1990_ICs/vegn2.res.nc
Baltic_OM4_025/atmos_mosaic_tile1Xland_mosaic_tile1.nc
Baltic_OM4_025/atmos_mosaic_tile1Xocean_mosaic_tile1.nc
Baltic_OM4_025/geothermal_davies2013_v1.nc
Baltic_OM4_025/grid_spec.nc
Baltic_OM4_025/land_mask.nc
Baltic_OM4_025/land_mosaic_tile1Xocean_mosaic_tile1.nc
Baltic_OM4_025/ocean_hgrid.nc
Baltic_OM4_025/ocean_mask.nc
Baltic_OM4_025/ocean_mosaic.nc
Baltic_OM4_025/ocean_topog.nc
Baltic_OM4_025/runoff.daitren.clim.v2011.02.10a.1440x1080.nc
Baltic_OM4_025/salt_restore.v20140616.nc
Baltic_OM4_025/seawifs_1998-2006_smoothed_2X.v20140616.nc
Baltic_OM4_025/tidal_amplitude.v20140616.nc
Baltic_OM4_05/atmos_mosaic_tile1Xland_mosaic_tile1.nc
Baltic_OM4_05/atmos_mosaic_tile1Xocean_mosaic_tile1.nc
Baltic_OM4_05/geothermal_davies2013_v1.nc
Baltic_OM4_05/grid_spec.nc
Baltic_OM4_05/land_mask.nc
Baltic_OM4_05/land_mosaic_tile1Xocean_mosaic_tile1.nc
Baltic_OM4_05/ocean_hgrid.nc
Baltic_OM4_05/ocean_mask.nc
Baltic_OM4_05/ocean_mosaic.nc
Baltic_OM4_05/ocean_topog.nc
Baltic_OM4_05/runoff.nc
Baltic_OM4_05/salt_restore.v2015.12.03.nc
Baltic_OM4_05/seawifs_1998-2006_smoothed_2X.v2015.12.03.nc
Baltic_OM4_05/tidal_amplitude.v2015.12.03.nc
CM2G63L/riga/mosaic.unpacked/README
CM2G63L/riga/mosaic.unpacked/atmos_hgrid.nc
CM2G63L/riga/mosaic.unpacked/atmos_mosaic.nc
CM2G63L/riga/mosaic.unpacked/atmos_mosaic_tile1Xland_mosaic_tile1.nc
CM2G63L/riga/mosaic.unpacked/atmos_mosaic_tile1Xocean_mosaic_tile1.nc
CM2G63L/riga/mosaic.unpacked/grid_spec.nc
CM2G63L/riga/mosaic.unpacked/land_hgrid.nc
CM2G63L/riga/mosaic.unpacked/land_mask.nc
CM2G63L/riga/mosaic.unpacked/land_mosaic.nc
CM2G63L/riga/mosaic.unpacked/land_mosaic_tile1Xocean_mosaic_tile1.nc
CM2G63L/riga/mosaic.unpacked/mosaic.nc
CM2G63L/riga/mosaic.unpacked/ocean_hgrid.nc
CM2G63L/riga/mosaic.unpacked/ocean_mask.nc
CM2G63L/riga/mosaic.unpacked/ocean_mosaic.nc
CM2G63L/riga/mosaic.unpacked/ocean_vgrid.nc
CM2G63L/riga/mosaic.unpacked/topog.nc
CM2G63L/tikal/INPUT/OM3_zgrid.nc
CM2G63L/tikal/INPUT/Vertical_coordinate.nc
CM2G63L/tikal/INPUT/WOA05_pottemp_salt.nc
CM2G63L/tikal/INPUT/aerosol.climatology.nc
CM2G63L/tikal/INPUT/aerosol.optical.dat
CM2G63L/tikal/INPUT/albedo.data.nc
CM2G63L/tikal/INPUT/amip1_sst.data.nc
CM2G63L/tikal/INPUT/annual_mean_ozone
CM2G63L/tikal/INPUT/asmsw_data.nc
CM2G63L/tikal/INPUT/atmos_coupled.res.nc
CM2G63L/tikal/INPUT/atmos_tracers.res.nc
CM2G63L/tikal/INPUT/cfc.bc.nc
CM2G63L/tikal/INPUT/ch4_gblannualdata
CM2G63L/tikal/INPUT/co2_gblannualdata
CM2G63L/tikal/INPUT/conc_all.nc
CM2G63L/tikal/INPUT/coupler.res
CM2G63L/tikal/INPUT/cover_type.nc
CM2G63L/tikal/INPUT/eftsw4str
CM2G63L/tikal/INPUT/emissions.ch3i.GEOS4x5.nc
CM2G63L/tikal/INPUT/esf_sw_input_data_n38b18
CM2G63L/tikal/INPUT/esf_sw_input_data_n72b25
CM2G63L/tikal/INPUT/extlw_data.nc
CM2G63L/tikal/INPUT/extsw_data.nc
CM2G63L/tikal/INPUT/f113_gblannualdata
CM2G63L/tikal/INPUT/f11_gblannualdata
CM2G63L/tikal/INPUT/f12_gblannualdata
CM2G63L/tikal/INPUT/f22_gblannualdata
CM2G63L/tikal/INPUT/fv_rst.res.nc
CM2G63L/tikal/INPUT/fv_srf_wnd.res.nc
CM2G63L/tikal/INPUT/geohydrology.nc
CM2G63L/tikal/INPUT/geohydrology_table.nc
CM2G63L/tikal/INPUT/geothermal_heating_cm2g.nc
CM2G63L/tikal/INPUT/ground_type.nc
CM2G63L/tikal/INPUT/gustiness_qscat.nc
CM2G63L/tikal/INPUT/h2o12001400_hi00_data
CM2G63L/tikal/INPUT/h2o12001400_hi92_data
CM2G63L/tikal/INPUT/h2ockd2.1_corrdata
CM2G63L/tikal/INPUT/h2ockd2.1_data
CM2G63L/tikal/INPUT/h2ockd2.4_corrdata
CM2G63L/tikal/INPUT/h2ocoeff_ckd_0_3000_10cm_hi00
CM2G63L/tikal/INPUT/h2ocoeff_ckd_speccombwidebds_hi00
CM2G63L/tikal/INPUT/h2ocoeff_ckd_speccombwidebds_hi92
CM2G63L/tikal/INPUT/h2ocoeff_rsb_0_3000_10cm_hi00
CM2G63L/tikal/INPUT/h2ocoeff_rsb_speccombwidebds_hi00
CM2G63L/tikal/INPUT/h2ocoeff_rsb_speccombwidebds_hi92
CM2G63L/tikal/INPUT/ice_model.res.nc
CM2G63L/tikal/INPUT/ice_ocmip2_cfc.res.nc
CM2G63L/tikal/INPUT/id1ch4n2
CM2G63L/tikal/INPUT/id1o3
CM2G63L/tikal/INPUT/id2h2obdckd2p1
CM2G63L/tikal/INPUT/id2h2obdfull
CM2G63L/tikal/INPUT/id2h2orbts
CM2G63L/tikal/INPUT/lean_solar_spectral_data.dat
CM2G63L/tikal/INPUT/mg_drag.res.nc
CM2G63L/tikal/INPUT/n2o_gblannualdata
CM2G63L/tikal/INPUT/navy_topography.data.nc
CM2G63L/tikal/INPUT/o3.climatology.nc
CM2G63L/tikal/INPUT/o39001200_hi00_data
CM2G63L/tikal/INPUT/o39001200_hi92_data
CM2G63L/tikal/INPUT/omgsw_data.nc
CM2G63L/tikal/INPUT/physics_driver.res.nc
CM2G63L/tikal/INPUT/radfn_5-2995_100-490k
CM2G63L/tikal/INPUT/radiative_gases.res.nc
CM2G63L/tikal/INPUT/randelo3data
CM2G63L/tikal/INPUT/reynolds_sst.data.nc
CM2G63L/tikal/INPUT/reyoi_sst.data.nc
CM2G63L/tikal/INPUT/river_data.nc
CM2G63L/tikal/INPUT/salt_restore.nc
CM2G63L/tikal/INPUT/seasonal_ozone
CM2G63L/tikal/INPUT/seawifs_1998-2006_GOLD_smoothed_2X.nc
CM2G63L/tikal/INPUT/sgs_h2.nc
CM2G63L/tikal/INPUT/soil_brdf.nc
CM2G63L/tikal/INPUT/sst_ice_clim.nc
CM2G63L/tikal/INPUT/stdlvls
CM2G63L/tikal/INPUT/strat_cloud.res.nc
CM2G63L/tikal/INPUT/swstratendramadata
CM2G63L/tikal/INPUT/temp_restore.nc
CM2G63L/tikal/INPUT/tideamp.nc
CM2G63L/tikal/INPUT/zonal_ozone_data.nc
CM2G63L/tikal/mosaic.unpacked/atmos_hgrid.nc
CM2G63L/tikal/mosaic.unpacked/atmos_mosaic.nc
CM2G63L/tikal/mosaic.unpacked/atmos_mosaic_tile1Xland_mosaic_tile1.nc
CM2G63L/tikal/mosaic.unpacked/atmos_mosaic_tile1Xocean_mosaic_tile1.nc
CM2G63L/tikal/mosaic.unpacked/basin.nc
CM2G63L/tikal/mosaic.unpacked/grid_spec.nc
CM2G63L/tikal/mosaic.unpacked/land_hgrid.nc
CM2G63L/tikal/mosaic.unpacked/land_mask.nc
CM2G63L/tikal/mosaic.unpacked/land_mosaic.nc
CM2G63L/tikal/mosaic.unpacked/land_mosaic_tile1Xocean_mosaic_tile1.nc
CM2G63L/tikal/mosaic.unpacked/mosaic.nc
CM2G63L/tikal/mosaic.unpacked/ocean_hgrid.nc
CM2G63L/tikal/mosaic.unpacked/ocean_mask.nc
CM2G63L/tikal/mosaic.unpacked/ocean_mosaic.nc
CM2G63L/tikal/mosaic.unpacked/ocean_vgrid.nc
CM2G63L/tikal/mosaic.unpacked/topog.nc
CM2G63L/ulm/INPUT/cnsch4_0_12001400.nc
CM2G63L/ulm/INPUT/cnsch4_1250_12001400.nc
CM2G63L/ulm/INPUT/cnsch4_1750_12001400.nc
CM2G63L/ulm/INPUT/cnsch4_2250_12001400.nc
CM2G63L/ulm/INPUT/cnsch4_2800_12001400.nc
CM2G63L/ulm/INPUT/cnsch4_300_12001400.nc
CM2G63L/ulm/INPUT/cnsch4_4000_12001400.nc
CM2G63L/ulm/INPUT/cnsch4_700_12001400.nc
CM2G63L/ulm/INPUT/cnsco2_0_43um.nc
CM2G63L/ulm/INPUT/cnsco2_0_490630.nc
CM2G63L/ulm/INPUT/cnsco2_0_490850.nc
CM2G63L/ulm/INPUT/cnsco2_0_630700.nc
CM2G63L/ulm/INPUT/cnsco2_0_700850.nc
CM2G63L/ulm/INPUT/cnsco2_1320_43um.nc
CM2G63L/ulm/INPUT/cnsco2_1320_490630.nc
CM2G63L/ulm/INPUT/cnsco2_1320_490850.nc
CM2G63L/ulm/INPUT/cnsco2_1320_630700.nc
CM2G63L/ulm/INPUT/cnsco2_1320_700850.nc
CM2G63L/ulm/INPUT/cnsco2_1600_43um.nc
CM2G63L/ulm/INPUT/cnsco2_1600_490630.nc
CM2G63L/ulm/INPUT/cnsco2_1600_490850.nc
CM2G63L/ulm/INPUT/cnsco2_1600_630700.nc
CM2G63L/ulm/INPUT/cnsco2_1600_700850.nc
CM2G63L/ulm/INPUT/cnsco2_165_43um.nc
CM2G63L/ulm/INPUT/cnsco2_165_490630.nc
CM2G63L/ulm/INPUT/cnsco2_165_490850.nc
CM2G63L/ulm/INPUT/cnsco2_165_630700.nc
CM2G63L/ulm/INPUT/cnsco2_165_700850.nc
CM2G63L/ulm/INPUT/cnsco2_300_43um.nc
CM2G63L/ulm/INPUT/cnsco2_300_490630.nc
CM2G63L/ulm/INPUT/cnsco2_300_490850.nc
CM2G63L/ulm/INPUT/cnsco2_300_630700.nc
CM2G63L/ulm/INPUT/cnsco2_300_700850.nc
CM2G63L/ulm/INPUT/cnsco2_330_43um.nc
CM2G63L/ulm/INPUT/cnsco2_330_490630.nc
CM2G63L/ulm/INPUT/cnsco2_330_490850.nc
CM2G63L/ulm/INPUT/cnsco2_330_630700.nc
CM2G63L/ulm/INPUT/cnsco2_330_700850.nc
CM2G63L/ulm/INPUT/cnsco2_348_43um.nc
CM2G63L/ulm/INPUT/cnsco2_348_490630.nc
CM2G63L/ulm/INPUT/cnsco2_348_490850.nc
CM2G63L/ulm/INPUT/cnsco2_348_630700.nc
CM2G63L/ulm/INPUT/cnsco2_348_700850.nc
CM2G63L/ulm/INPUT/cnsco2_356_43um.nc
CM2G63L/ulm/INPUT/cnsco2_356_490630.nc
CM2G63L/ulm/INPUT/cnsco2_356_490850.nc
CM2G63L/ulm/INPUT/cnsco2_356_630700.nc
CM2G63L/ulm/INPUT/cnsco2_356_700850.nc
CM2G63L/ulm/INPUT/cnsco2_360_43um.nc
CM2G63L/ulm/INPUT/cnsco2_360_490630.nc
CM2G63L/ulm/INPUT/cnsco2_360_490850.nc
CM2G63L/ulm/INPUT/cnsco2_360_630700.nc
CM2G63L/ulm/INPUT/cnsco2_360_700850.nc
CM2G63L/ulm/INPUT/cnsco2_600_43um.nc
CM2G63L/ulm/INPUT/cnsco2_600_490630.nc
CM2G63L/ulm/INPUT/cnsco2_600_490850.nc
CM2G63L/ulm/INPUT/cnsco2_600_630700.nc
CM2G63L/ulm/INPUT/cnsco2_600_700850.nc
CM2G63L/ulm/INPUT/cnsco2_660_43um.nc
CM2G63L/ulm/INPUT/cnsco2_660_490630.nc
CM2G63L/ulm/INPUT/cnsco2_660_490850.nc
CM2G63L/ulm/INPUT/cnsco2_660_630700.nc
CM2G63L/ulm/INPUT/cnsco2_660_700850.nc
CM2G63L/ulm/INPUT/cnsn2o_0_10701200.nc
CM2G63L/ulm/INPUT/cnsn2o_0_12001400.nc
CM2G63L/ulm/INPUT/cnsn2o_0_560630.nc
CM2G63L/ulm/INPUT/cnsn2o_180_10701200.nc
CM2G63L/ulm/INPUT/cnsn2o_180_12001400.nc
CM2G63L/ulm/INPUT/cnsn2o_180_560630.nc
CM2G63L/ulm/INPUT/cnsn2o_275_10701200.nc
CM2G63L/ulm/INPUT/cnsn2o_275_12001400.nc
CM2G63L/ulm/INPUT/cnsn2o_275_560630.nc
CM2G63L/ulm/INPUT/cnsn2o_280_10701200.nc
CM2G63L/ulm/INPUT/cnsn2o_280_12001400.nc
CM2G63L/ulm/INPUT/cnsn2o_280_560630.nc
CM2G63L/ulm/INPUT/cnsn2o_310_10701200.nc
CM2G63L/ulm/INPUT/cnsn2o_310_12001400.nc
CM2G63L/ulm/INPUT/cnsn2o_310_560630.nc
CM2G63L/ulm/INPUT/cnsn2o_340_10701200.nc
CM2G63L/ulm/INPUT/cnsn2o_340_12001400.nc
CM2G63L/ulm/INPUT/cnsn2o_340_560630.nc
CM2G63L/ulm/INPUT/cnsn2o_375_10701200.nc
CM2G63L/ulm/INPUT/cnsn2o_375_12001400.nc
CM2G63L/ulm/INPUT/cnsn2o_375_560630.nc
CM2G63L/ulm/INPUT/cnsn2o_500_10701200.nc
CM2G63L/ulm/INPUT/cnsn2o_500_12001400.nc
CM2G63L/ulm/INPUT/cnsn2o_500_560630.nc
CORE/NYF_v2.0/ncar_precip.clim.nc
CORE/NYF_v2.0/ncar_rad.clim.nc
CORE/NYF_v2.0/q_10_mod.clim.nc
CORE/NYF_v2.0/slp.clim.nc
CORE/NYF_v2.0/t_10_mod.clim.nc
CORE/NYF_v2.0/u_10_mod.clim.nc
CORE/NYF_v2.0/v_10_mod.clim.nc
GOLD_SIS/riga/INPUT/31Layer_zgrid.nc
GOLD_SIS/riga/INPUT/GOLD_IC.2010.11.15.nc
GOLD_SIS/riga/INPUT/GOLD_SIS_IC.nc
GOLD_SIS/riga/INPUT/OM3_zgrid.nc
GOLD_SIS/riga/INPUT/cfc.bc.nc
GOLD_SIS/riga/INPUT/geothermal_heating_cm2g.nc
GOLD_SIS/riga/INPUT/gustiness_qscat.nc
GOLD_SIS/riga/INPUT/ncar_precip_clim.nc
GOLD_SIS/riga/INPUT/ncar_rad_clim.nc
GOLD_SIS/riga/INPUT/ocean_grid.nc
GOLD_SIS/riga/INPUT/ocmip2_cfc.res.nc
GOLD_SIS/riga/INPUT/q_10_mod.clim.nc
GOLD_SIS/riga/INPUT/runoff.nc
GOLD_SIS/riga/INPUT/salt_restore.nc
GOLD_SIS/riga/INPUT/seawifs_1998-2006_GOLD_smoothed_2X.nc
GOLD_SIS/riga/INPUT/sgs_h2.nc
GOLD_SIS/riga/INPUT/slp.clim.nc
GOLD_SIS/riga/INPUT/sst_ice_clim.nc
GOLD_SIS/riga/INPUT/t_10_mod.clim.nc
GOLD_SIS/riga/INPUT/temp_restore.nc
GOLD_SIS/riga/INPUT/tideamp.nc
GOLD_SIS/riga/INPUT/tke_tidal_cm2p2.nc
GOLD_SIS/riga/INPUT/u_10_mod.clim.nc
GOLD_SIS/riga/INPUT/v_10_mod.clim.nc
GOLD_SIS_025/siena/INPUT/OM3_zgrid.nc
GOLD_SIS_025/siena/INPUT/runoff.nc
GOLD_SIS_025/siena/INPUT/salt_restore.nc
GOLD_SIS_025/siena/INPUT/seawifs_1998-2006_GOLD_smoothed_2X.nc
GOLD_SIS_025/siena/INPUT/sgs_h2.nc
GOLD_SIS_025/siena/INPUT/sst_ice_clim.nc
GOLD_SIS_025/siena/INPUT/tideamp.nc
GOLD_SIS_025/siena/mosaic.unpacked/atm_ocean_mosaic_tile1Xlnd_ocean_mosaic_tile1.nc
GOLD_SIS_025/siena/mosaic.unpacked/atm_ocean_mosaic_tile1Xocn_ocean_mosaic_tile1.nc
GOLD_SIS_025/siena/mosaic.unpacked/atmos_mosaic_tile1Xatmos_mosaic_tile1.nc
GOLD_SIS_025/siena/mosaic.unpacked/atmos_mosaic_tile1Xocean_mosaic_tile1.nc
GOLD_SIS_025/siena/mosaic.unpacked/grid_spec.nc
GOLD_SIS_025/siena/mosaic.unpacked/land_mask.nc
GOLD_SIS_025/siena/mosaic.unpacked/mosaic.nc
GOLD_SIS_025/siena/mosaic.unpacked/ocean_hgrid.nc
GOLD_SIS_025/siena/mosaic.unpacked/ocean_mask.nc
GOLD_SIS_025/siena/mosaic.unpacked/ocean_mosaic.nc
GOLD_SIS_025/siena/mosaic.unpacked/ocean_vgrid.nc
GOLD_SIS_025/siena/mosaic.unpacked/topog.nc
MESO_025_23L/riga/INPUT/MESO_025_23L_IC.nc
MESO_025_23L/riga/INPUT/MESO_Forcing_025.nc
MESO_025_23L/riga/INPUT/MESO_SfcTS_025.nc
MESO_025_23L/riga/INPUT/MESO_Solar_025.nc
MESO_025_23L/riga/INPUT/MESO_Sponge_025mNG.nc
MESO_025_23L/riga/INPUT/MESO_str_025.nc
MESO_025_23L/riga/INPUT/MESO_topog_025mNG.nc
MESO_025_63L/riga/INPUT/MESO_025_63L_IC.nc
MESO_025_63L/riga/INPUT/MESO_025_63L_topog.nc
MESO_025_63L/riga/INPUT/MESO_Forcing_025.nc
MESO_025_63L/riga/INPUT/MESO_SfcTS_025.nc
MESO_025_63L/riga/INPUT/MESO_Solar_025.nc
MESO_025_63L/riga/INPUT/MESO_Sponge_025mNG.nc
MESO_025_63L/riga/INPUT/MESO_str_025.nc
MESO_025_63L/riga/INPUT/README
MOM6_SIS_icebergs/example_calving.nc
OM4_025/INPUT/geothermal_davies2013_v1.nc
OM4_025/INPUT/runoff.daitren.clim.1440x1080.v20180328.nc
OM4_025/INPUT/runoff.daitren.iaf.1440x1080.v20180328.nc
OM4_025/INPUT/salt_restore_PHC2.1440x1080.v20180405.nc
OM4_025/INPUT/seawifs-clim-1997-2010.1440x1080.v20180328.nc
OM4_025/INPUT/tidal_amplitude.v20140616.nc
OM4_025/mosaic.v20170622.unpacked/atmos_mosaic_tile1Xland_mosaic_tile1.nc
OM4_025/mosaic.v20170622.unpacked/atmos_mosaic_tile1Xocean_mosaic_tile1.nc
OM4_025/mosaic.v20170622.unpacked/grid_spec.nc
OM4_025/mosaic.v20170622.unpacked/land_mask.nc
OM4_025/mosaic.v20170622.unpacked/land_mosaic_tile1Xocean_mosaic_tile1.nc
OM4_025/mosaic.v20170622.unpacked/ocean_hgrid.nc
OM4_025/mosaic.v20170622.unpacked/ocean_mask.nc
OM4_025/mosaic.v20170622.unpacked/ocean_mosaic.nc
OM4_025/mosaic.v20170622.unpacked/ocean_topog.nc
OM4_05/INPUT.20180227/geothermal_davies2013_v1.nc
OM4_05/INPUT.20180227/runoff.daitren.clim.720x576.v20180328.nc
OM4_05/INPUT.20180227/runoff.daitren.iaf.720x576.v20180328.nc
OM4_05/INPUT.20180227/salt_restore_PHC2.720x576.v20180405.nc
OM4_05/INPUT.20180227/seawifs-clim-1997-2010.720x576.v20180328.nc
OM4_05/INPUT.20180227/tidal_amplitude.nc
OM4_05/mosaic_ocean.v20180227.unpacked/atmos_mosaic_tile1Xland_mosaic_tile1.nc
OM4_05/mosaic_ocean.v20180227.unpacked/atmos_mosaic_tile1Xocean_mosaic_tile1.nc
OM4_05/mosaic_ocean.v20180227.unpacked/basin_codes.nc
OM4_05/mosaic_ocean.v20180227.unpacked/grid_spec.nc
OM4_05/mosaic_ocean.v20180227.unpacked/land_mask.nc
OM4_05/mosaic_ocean.v20180227.unpacked/land_mosaic_tile1Xocean_mosaic_tile1.nc
OM4_05/mosaic_ocean.v20180227.unpacked/ocean_hgrid.nc
OM4_05/mosaic_ocean.v20180227.unpacked/ocean_mask.nc
OM4_05/mosaic_ocean.v20180227.unpacked/ocean_mosaic.nc
OM4_05/mosaic_ocean.v20180227.unpacked/ocean_static.nc
OM4_05/mosaic_ocean.v20180227.unpacked/ocean_topog.nc
OM4_360x320_C180/INPUT.20150713/atmos_prescr.res.tile1.nc
OM4_360x320_C180/INPUT.20150713/atmos_prescr.res.tile2.nc
OM4_360x320_C180/INPUT.20150713/atmos_prescr.res.tile3.nc
OM4_360x320_C180/INPUT.20150713/atmos_prescr.res.tile4.nc
OM4_360x320_C180/INPUT.20150713/atmos_prescr.res.tile5.nc
OM4_360x320_C180/INPUT.20150713/atmos_prescr.res.tile6.nc
OM4_360x320_C180/INPUT.20150713/biodata.nc
OM4_360x320_C180/INPUT.20150713/cana.res.tile1.nc
OM4_360x320_C180/INPUT.20150713/cana.res.tile2.nc
OM4_360x320_C180/INPUT.20150713/cana.res.tile3.nc
OM4_360x320_C180/INPUT.20150713/cana.res.tile4.nc
OM4_360x320_C180/INPUT.20150713/cana.res.tile5.nc
OM4_360x320_C180/INPUT.20150713/cana.res.tile6.nc
OM4_360x320_C180/INPUT.20150713/co2_rcp45_gblannualdata_1800-2500_2x2.nc
OM4_360x320_C180/INPUT.20150713/cover_type.nc
OM4_360x320_C180/INPUT.20150713/geohydrology.nc
OM4_360x320_C180/INPUT.20150713/geohydrology_table_2a2n.nc
OM4_360x320_C180/INPUT.20150713/glac.res.tile1.nc
OM4_360x320_C180/INPUT.20150713/glac.res.tile2.nc
OM4_360x320_C180/INPUT.20150713/glac.res.tile3.nc
OM4_360x320_C180/INPUT.20150713/glac.res.tile4.nc
OM4_360x320_C180/INPUT.20150713/glac.res.tile5.nc
OM4_360x320_C180/INPUT.20150713/glac.res.tile6.nc
OM4_360x320_C180/INPUT.20150713/ground_type.nc
OM4_360x320_C180/INPUT.20150713/lake.res.tile1.nc
OM4_360x320_C180/INPUT.20150713/lake.res.tile2.nc
OM4_360x320_C180/INPUT.20150713/lake.res.tile3.nc
OM4_360x320_C180/INPUT.20150713/lake.res.tile4.nc
OM4_360x320_C180/INPUT.20150713/lake.res.tile5.nc
OM4_360x320_C180/INPUT.20150713/lake.res.tile6.nc
OM4_360x320_C180/INPUT.20150713/land.res.tile1.nc
OM4_360x320_C180/INPUT.20150713/land.res.tile2.nc
OM4_360x320_C180/INPUT.20150713/land.res.tile3.nc
OM4_360x320_C180/INPUT.20150713/land.res.tile4.nc
OM4_360x320_C180/INPUT.20150713/land.res.tile5.nc
OM4_360x320_C180/INPUT.20150713/land.res.tile6.nc
OM4_360x320_C180/INPUT.20150713/land_mask.nc
OM4_360x320_C180/INPUT.20150713/landuse.nc
OM4_360x320_C180/INPUT.20150713/landuse.res
OM4_360x320_C180/INPUT.20150713/navy_topography.data.nc
OM4_360x320_C180/INPUT.20150713/river.res.tile1.nc
OM4_360x320_C180/INPUT.20150713/river.res.tile2.nc
OM4_360x320_C180/INPUT.20150713/river.res.tile3.nc
OM4_360x320_C180/INPUT.20150713/river.res.tile4.nc
OM4_360x320_C180/INPUT.20150713/river.res.tile5.nc
OM4_360x320_C180/INPUT.20150713/river.res.tile6.nc
OM4_360x320_C180/INPUT.20150713/seawifs_1998-2006_smoothed_2X.nc
OM4_360x320_C180/INPUT.20150713/snow.res.tile1.nc
OM4_360x320_C180/INPUT.20150713/snow.res.tile2.nc
OM4_360x320_C180/INPUT.20150713/snow.res.tile3.nc
OM4_360x320_C180/INPUT.20150713/snow.res.tile4.nc
OM4_360x320_C180/INPUT.20150713/snow.res.tile5.nc
OM4_360x320_C180/INPUT.20150713/snow.res.tile6.nc
OM4_360x320_C180/INPUT.20150713/soil.res.tile1.nc
OM4_360x320_C180/INPUT.20150713/soil.res.tile2.nc
OM4_360x320_C180/INPUT.20150713/soil.res.tile3.nc
OM4_360x320_C180/INPUT.20150713/soil.res.tile4.nc
OM4_360x320_C180/INPUT.20150713/soil.res.tile5.nc
OM4_360x320_C180/INPUT.20150713/soil.res.tile6.nc
OM4_360x320_C180/INPUT.20150713/soil_brdf.nc
OM4_360x320_C180/INPUT.20150713/soil_type.nc
OM4_360x320_C180/INPUT.20150713/sst_ice_clim.nc
OM4_360x320_C180/INPUT.20150713/tidal_amplitude.nc
OM4_360x320_C180/INPUT.20150713/vegn1.res.tile1.nc
OM4_360x320_C180/INPUT.20150713/vegn1.res.tile2.nc
OM4_360x320_C180/INPUT.20150713/vegn1.res.tile3.nc
OM4_360x320_C180/INPUT.20150713/vegn1.res.tile4.nc
OM4_360x320_C180/INPUT.20150713/vegn1.res.tile5.nc
OM4_360x320_C180/INPUT.20150713/vegn1.res.tile6.nc
OM4_360x320_C180/INPUT.20150713/vegn2.res.tile1.nc
OM4_360x320_C180/INPUT.20150713/vegn2.res.tile2.nc
OM4_360x320_C180/INPUT.20150713/vegn2.res.tile3.nc
OM4_360x320_C180/INPUT.20150713/vegn2.res.tile4.nc
OM4_360x320_C180/INPUT.20150713/vegn2.res.tile5.nc
OM4_360x320_C180/INPUT.20150713/vegn2.res.tile6.nc
OM4_360x320_C180/MERRA_sample.20151124/lwdn_merra_1992_sample.nc
OM4_360x320_C180/MERRA_sample.20151124/precip_merra_1992_sample.nc
OM4_360x320_C180/MERRA_sample.20151124/q10_merra_1992_sample.nc
OM4_360x320_C180/MERRA_sample.20151124/slp_merra_1992_sample.nc
OM4_360x320_C180/MERRA_sample.20151124/swdn_merra_1992_sample.nc
OM4_360x320_C180/MERRA_sample.20151124/t10_merra_1992_sample.nc
OM4_360x320_C180/MERRA_sample.20151124/uv10_merra_1992_sample.nc
OM4_360x320_C180/mosaic_unpacked.20150713/C180_grid.tile1.nc
OM4_360x320_C180/mosaic_unpacked.20150713/C180_grid.tile2.nc
OM4_360x320_C180/mosaic_unpacked.20150713/C180_grid.tile3.nc
OM4_360x320_C180/mosaic_unpacked.20150713/C180_grid.tile4.nc
OM4_360x320_C180/mosaic_unpacked.20150713/C180_grid.tile5.nc
OM4_360x320_C180/mosaic_unpacked.20150713/C180_grid.tile6.nc
OM4_360x320_C180/mosaic_unpacked.20150713/C180_mosaic.nc
OM4_360x320_C180/mosaic_unpacked.20150713/C180_mosaic_tile1XC180_mosaic_tile1.nc
OM4_360x320_C180/mosaic_unpacked.20150713/C180_mosaic_tile1Xocean_mosaic_tile1.nc
OM4_360x320_C180/mosaic_unpacked.20150713/C180_mosaic_tile2XC180_mosaic_tile2.nc
OM4_360x320_C180/mosaic_unpacked.20150713/C180_mosaic_tile2Xocean_mosaic_tile1.nc
OM4_360x320_C180/mosaic_unpacked.20150713/C180_mosaic_tile3XC180_mosaic_tile3.nc
OM4_360x320_C180/mosaic_unpacked.20150713/C180_mosaic_tile3Xocean_mosaic_tile1.nc
OM4_360x320_C180/mosaic_unpacked.20150713/C180_mosaic_tile4XC180_mosaic_tile4.nc
OM4_360x320_C180/mosaic_unpacked.20150713/C180_mosaic_tile4Xocean_mosaic_tile1.nc
OM4_360x320_C180/mosaic_unpacked.20150713/C180_mosaic_tile5XC180_mosaic_tile5.nc
OM4_360x320_C180/mosaic_unpacked.20150713/C180_mosaic_tile5Xocean_mosaic_tile1.nc
OM4_360x320_C180/mosaic_unpacked.20150713/C180_mosaic_tile6XC180_mosaic_tile6.nc
OM4_360x320_C180/mosaic_unpacked.20150713/C180_mosaic_tile6Xocean_mosaic_tile1.nc
OM4_360x320_C180/mosaic_unpacked.20150713/atmos_mosaic_tile1Xland_mosaic_tile1.nc
OM4_360x320_C180/mosaic_unpacked.20150713/atmos_mosaic_tile1Xocean_mosaic_tile1.nc
OM4_360x320_C180/mosaic_unpacked.20150713/grid_spec.nc
OM4_360x320_C180/mosaic_unpacked.20150713/lake_frac.tile1.nc
OM4_360x320_C180/mosaic_unpacked.20150713/lake_frac.tile2.nc
OM4_360x320_C180/mosaic_unpacked.20150713/lake_frac.tile3.nc
OM4_360x320_C180/mosaic_unpacked.20150713/lake_frac.tile4.nc
OM4_360x320_C180/mosaic_unpacked.20150713/lake_frac.tile5.nc
OM4_360x320_C180/mosaic_unpacked.20150713/lake_frac.tile6.nc
OM4_360x320_C180/mosaic_unpacked.20150713/land_mask_tile1.nc
OM4_360x320_C180/mosaic_unpacked.20150713/land_mask_tile2.nc
OM4_360x320_C180/mosaic_unpacked.20150713/land_mask_tile3.nc
OM4_360x320_C180/mosaic_unpacked.20150713/land_mask_tile4.nc
OM4_360x320_C180/mosaic_unpacked.20150713/land_mask_tile5.nc
OM4_360x320_C180/mosaic_unpacked.20150713/land_mask_tile6.nc
OM4_360x320_C180/mosaic_unpacked.20150713/land_mosaic_tile1Xocean_mosaic_tile1.nc
OM4_360x320_C180/mosaic_unpacked.20150713/ocean_hgrid.nc
OM4_360x320_C180/mosaic_unpacked.20150713/ocean_mask.nc
OM4_360x320_C180/mosaic_unpacked.20150713/ocean_mosaic.nc
OM4_360x320_C180/mosaic_unpacked.20150713/river_data.tile1.nc
OM4_360x320_C180/mosaic_unpacked.20150713/river_data.tile2.nc
OM4_360x320_C180/mosaic_unpacked.20150713/river_data.tile3.nc
OM4_360x320_C180/mosaic_unpacked.20150713/river_data.tile4.nc
OM4_360x320_C180/mosaic_unpacked.20150713/river_data.tile5.nc
OM4_360x320_C180/mosaic_unpacked.20150713/river_data.tile6.nc
OM4_360x320_C180/mosaic_unpacked.20150713/topog.nc
global/siena_201204/INPUT/31Layer_zgrid.nc
global/siena_201204/INPUT/GOLD_IC.2010.11.15.nc
global/siena_201204/INPUT/OM3_zgrid.nc
global/siena_201204/INPUT/geothermal_heating_cm2g.nc
global/siena_201204/INPUT/gustiness_qscat.nc
global/siena_201204/INPUT/ocean_forcing_daily.nc
global/siena_201204/INPUT/ocean_forcing_monthly.nc
global/siena_201204/INPUT/ocean_precip_monthly.nc
global/siena_201204/INPUT/seawifs_1998-2006_GOLD_smoothed_2X.nc
global/siena_201204/INPUT/sgs_h2.nc
global/siena_201204/INPUT/tideamp.nc
obs/NOAA-NODC/WOA13/v2a/woa13_decav_ptemp_monthly_fulldepth_01.nc
obs/NOAA-NODC/WOA13/v2a/woa13_decav_s_monthly_fulldepth_01.nc
obs/WOA05_pottemp_salt.nc
